2015-10-22 09:29:38,677 [main] WARN  o.e.m.c.u.i.a.EnableNatureAction - Skipping project EJB, no pom.xml file present, no reason to have maven nature enabled
2015-10-22 09:29:38,681 [main] WARN  o.e.m.c.u.i.a.EnableNatureAction - Skipping project Model, no pom.xml file present, no reason to have maven nature enabled
2015-10-22 09:29:38,682 [main] WARN  o.e.m.c.u.i.a.EnableNatureAction - Skipping project Vue, no pom.xml file present, no reason to have maven nature enabled
2015-10-22 10:58:16,607 [Worker-97] INFO  o.e.m.c.i.e.AbstractTransferListenerAdapter - Downloading https://repo.maven.apache.org/maven2/org/apache/maven/plugins/maven-compiler-plugin/3.3/maven-compiler-plugin-3.3.jar
2015-10-22 10:58:16,671 [Worker-97] INFO  o.e.m.c.i.e.AbstractTransferListenerAdapter - Downloaded https://repo.maven.apache.org/maven2/org/apache/maven/plugins/maven-compiler-plugin/3.3/maven-compiler-plugin-3.3.jar
2015-10-22 10:58:16,815 [Worker-97] INFO  o.e.m.c.i.e.AbstractTransferListenerAdapter - Downloading https://repo.maven.apache.org/maven2/org/apache/maven/plugins/maven-ejb-plugin/2.5/maven-ejb-plugin-2.5.jar
2015-10-22 10:58:16,852 [Worker-97] INFO  o.e.m.c.i.e.AbstractTransferListenerAdapter - Downloaded https://repo.maven.apache.org/maven2/org/apache/maven/plugins/maven-ejb-plugin/2.5/maven-ejb-plugin-2.5.jar
2015-10-22 10:58:17,080 [Worker-97] INFO  o.e.m.c.i.e.AbstractTransferListenerAdapter - Downloading https://repo.maven.apache.org/maven2/org/apache/maven/plugins/maven-compiler-plugin/3.3/maven-compiler-plugin-3.3.pom
2015-10-22 10:58:17,116 [Worker-97] INFO  o.e.m.c.i.e.AbstractTransferListenerAdapter - Downloaded https://repo.maven.apache.org/maven2/org/apache/maven/plugins/maven-compiler-plugin/3.3/maven-compiler-plugin-3.3.pom
2015-10-22 10:58:17,167 [Worker-97] INFO  o.e.m.c.i.e.AbstractTransferListenerAdapter - Downloading https://repo.maven.apache.org/maven2/org/apache/maven/plugins/maven-plugins/27/maven-plugins-27.pom
2015-10-22 10:58:17,211 [Worker-97] INFO  o.e.m.c.i.e.AbstractTransferListenerAdapter - Downloaded https://repo.maven.apache.org/maven2/org/apache/maven/plugins/maven-plugins/27/maven-plugins-27.pom
2015-10-22 10:58:17,253 [Worker-97] INFO  o.e.m.c.i.e.AbstractTransferListenerAdapter - Downloading https://repo.maven.apache.org/maven2/org/apache/maven/maven-parent/26/maven-parent-26.pom
2015-10-22 10:58:17,319 [Worker-97] INFO  o.e.m.c.i.e.AbstractTransferListenerAdapter - Downloaded https://repo.maven.apache.org/maven2/org/apache/maven/maven-parent/26/maven-parent-26.pom
2015-10-22 10:58:17,371 [Worker-97] INFO  o.e.m.c.i.e.AbstractTransferListenerAdapter - Downloading https://repo.maven.apache.org/maven2/org/apache/apache/16/apache-16.pom
2015-10-22 10:58:17,407 [Worker-97] INFO  o.e.m.c.i.e.AbstractTransferListenerAdapter - Downloaded https://repo.maven.apache.org/maven2/org/apache/apache/16/apache-16.pom
2015-10-22 10:58:17,775 [Worker-97] INFO  o.e.m.c.i.e.AbstractTransferListenerAdapter - Downloading https://repo.maven.apache.org/maven2/org/apache/maven/maven-toolchain/2.2.1/maven-toolchain-2.2.1.pom
2015-10-22 10:58:17,817 [Worker-97] INFO  o.e.m.c.i.e.AbstractTransferListenerAdapter - Downloaded https://repo.maven.apache.org/maven2/org/apache/maven/maven-toolchain/2.2.1/maven-toolchain-2.2.1.pom
2015-10-22 10:58:18,007 [Worker-97] INFO  o.e.m.c.i.e.AbstractTransferListenerAdapter - Downloading https://repo.maven.apache.org/maven2/org/apache/maven/shared/maven-shared-utils/0.7/maven-shared-utils-0.7.pom
2015-10-22 10:58:18,046 [Worker-97] INFO  o.e.m.c.i.e.AbstractTransferListenerAdapter - Downloaded https://repo.maven.apache.org/maven2/org/apache/maven/shared/maven-shared-utils/0.7/maven-shared-utils-0.7.pom
2015-10-22 10:58:18,085 [Worker-97] INFO  o.e.m.c.i.e.AbstractTransferListenerAdapter - Downloading https://repo.maven.apache.org/maven2/org/apache/maven/shared/maven-shared-components/20/maven-shared-components-20.pom
2015-10-22 10:58:18,121 [Worker-97] INFO  o.e.m.c.i.e.AbstractTransferListenerAdapter - Downloaded https://repo.maven.apache.org/maven2/org/apache/maven/shared/maven-shared-components/20/maven-shared-components-20.pom
2015-10-22 10:58:18,275 [Worker-97] INFO  o.e.m.c.i.e.AbstractTransferListenerAdapter - Downloading https://repo.maven.apache.org/maven2/org/codehaus/plexus/plexus-compiler-api/2.5/plexus-compiler-api-2.5.pom
2015-10-22 10:58:18,316 [Worker-97] INFO  o.e.m.c.i.e.AbstractTransferListenerAdapter - Downloaded https://repo.maven.apache.org/maven2/org/codehaus/plexus/plexus-compiler-api/2.5/plexus-compiler-api-2.5.pom
2015-10-22 10:58:18,354 [Worker-97] INFO  o.e.m.c.i.e.AbstractTransferListenerAdapter - Downloading https://repo.maven.apache.org/maven2/org/codehaus/plexus/plexus-compiler/2.5/plexus-compiler-2.5.pom
2015-10-22 10:58:18,395 [Worker-97] INFO  o.e.m.c.i.e.AbstractTransferListenerAdapter - Downloaded https://repo.maven.apache.org/maven2/org/codehaus/plexus/plexus-compiler/2.5/plexus-compiler-2.5.pom
2015-10-22 10:58:18,458 [Worker-97] INFO  o.e.m.c.i.e.AbstractTransferListenerAdapter - Downloading https://repo.maven.apache.org/maven2/org/codehaus/plexus/plexus-utils/3.0.10/plexus-utils-3.0.10.pom
2015-10-22 10:58:18,501 [Worker-97] INFO  o.e.m.c.i.e.AbstractTransferListenerAdapter - Downloaded https://repo.maven.apache.org/maven2/org/codehaus/plexus/plexus-utils/3.0.10/plexus-utils-3.0.10.pom
2015-10-22 10:58:18,558 [Worker-97] INFO  o.e.m.c.i.e.AbstractTransferListenerAdapter - Downloading https://repo.maven.apache.org/maven2/org/codehaus/plexus/plexus-compiler-manager/2.5/plexus-compiler-manager-2.5.pom
2015-10-22 10:58:18,600 [Worker-97] INFO  o.e.m.c.i.e.AbstractTransferListenerAdapter - Downloaded https://repo.maven.apache.org/maven2/org/codehaus/plexus/plexus-compiler-manager/2.5/plexus-compiler-manager-2.5.pom
2015-10-22 10:58:18,639 [Worker-97] INFO  o.e.m.c.i.e.AbstractTransferListenerAdapter - Downloading https://repo.maven.apache.org/maven2/org/codehaus/plexus/plexus-compiler-javac/2.5/plexus-compiler-javac-2.5.pom
2015-10-22 10:58:18,921 [Worker-97] INFO  o.e.m.c.i.e.AbstractTransferListenerAdapter - Downloaded https://repo.maven.apache.org/maven2/org/codehaus/plexus/plexus-compiler-javac/2.5/plexus-compiler-javac-2.5.pom
2015-10-22 10:58:18,960 [Worker-97] INFO  o.e.m.c.i.e.AbstractTransferListenerAdapter - Downloading https://repo.maven.apache.org/maven2/org/codehaus/plexus/plexus-compilers/2.5/plexus-compilers-2.5.pom
2015-10-22 10:58:19,003 [Worker-97] INFO  o.e.m.c.i.e.AbstractTransferListenerAdapter - Downloaded https://repo.maven.apache.org/maven2/org/codehaus/plexus/plexus-compilers/2.5/plexus-compilers-2.5.pom
2015-10-22 10:58:19,179 [Worker-97] INFO  o.e.m.c.i.e.AbstractTransferListenerAdapter - Downloading https://repo.maven.apache.org/maven2/org/codehaus/plexus/plexus-utils/1.5.15/plexus-utils-1.5.15.jar
2015-10-22 10:58:19,451 [Worker-97] INFO  o.e.m.c.i.e.AbstractTransferListenerAdapter - Downloaded https://repo.maven.apache.org/maven2/org/codehaus/plexus/plexus-utils/1.5.15/plexus-utils-1.5.15.jar
2015-10-22 10:58:19,488 [Worker-97] INFO  o.e.m.c.i.e.AbstractTransferListenerAdapter - Downloading https://repo.maven.apache.org/maven2/org/codehaus/plexus/plexus-interpolation/1.11/plexus-interpolation-1.11.jar
2015-10-22 10:58:19,555 [Worker-97] INFO  o.e.m.c.i.e.AbstractTransferListenerAdapter - Downloaded https://repo.maven.apache.org/maven2/org/codehaus/plexus/plexus-interpolation/1.11/plexus-interpolation-1.11.jar
2015-10-22 10:58:19,588 [Worker-97] INFO  o.e.m.c.i.e.AbstractTransferListenerAdapter - Downloading https://repo.maven.apache.org/maven2/org/apache/maven/maven-toolchain/2.2.1/maven-toolchain-2.2.1.jar
2015-10-22 10:58:19,663 [Worker-97] INFO  o.e.m.c.i.e.AbstractTransferListenerAdapter - Downloaded https://repo.maven.apache.org/maven2/org/apache/maven/maven-toolchain/2.2.1/maven-toolchain-2.2.1.jar
2015-10-22 10:58:19,698 [Worker-97] INFO  o.e.m.c.i.e.AbstractTransferListenerAdapter - Downloading https://repo.maven.apache.org/maven2/org/apache/maven/shared/maven-shared-utils/0.7/maven-shared-utils-0.7.jar
2015-10-22 10:58:19,900 [Worker-97] INFO  o.e.m.c.i.e.AbstractTransferListenerAdapter - Downloaded https://repo.maven.apache.org/maven2/org/apache/maven/shared/maven-shared-utils/0.7/maven-shared-utils-0.7.jar
2015-10-22 10:58:19,934 [Worker-97] INFO  o.e.m.c.i.e.AbstractTransferListenerAdapter - Downloading https://repo.maven.apache.org/maven2/org/codehaus/plexus/plexus-compiler-api/2.5/plexus-compiler-api-2.5.jar
2015-10-22 10:58:20,101 [Worker-97] INFO  o.e.m.c.i.e.AbstractTransferListenerAdapter - Downloaded https://repo.maven.apache.org/maven2/org/codehaus/plexus/plexus-compiler-api/2.5/plexus-compiler-api-2.5.jar
2015-10-22 10:58:20,133 [Worker-97] INFO  o.e.m.c.i.e.AbstractTransferListenerAdapter - Downloading https://repo.maven.apache.org/maven2/org/codehaus/plexus/plexus-compiler-manager/2.5/plexus-compiler-manager-2.5.jar
2015-10-22 10:58:20,169 [Worker-97] INFO  o.e.m.c.i.e.AbstractTransferListenerAdapter - Downloaded https://repo.maven.apache.org/maven2/org/codehaus/plexus/plexus-compiler-manager/2.5/plexus-compiler-manager-2.5.jar
2015-10-22 10:58:20,204 [Worker-97] INFO  o.e.m.c.i.e.AbstractTransferListenerAdapter - Downloading https://repo.maven.apache.org/maven2/org/codehaus/plexus/plexus-compiler-javac/2.5/plexus-compiler-javac-2.5.jar
2015-10-22 10:58:20,270 [Worker-97] INFO  o.e.m.c.i.e.AbstractTransferListenerAdapter - Downloaded https://repo.maven.apache.org/maven2/org/codehaus/plexus/plexus-compiler-javac/2.5/plexus-compiler-javac-2.5.jar
2015-10-22 10:58:21,084 [Worker-97] INFO  o.e.m.c.i.l.LifecycleMappingFactory - Using org.maven.ide.eclipse.wtp.EjbLifecycleMapping lifecycle mapping for MavenProject: EJB:EJB:0.0.1-SNAPSHOT @ C:\Users\Adrien\workspace\javaEE\EJB\pom.xml.
2015-10-22 10:58:21,194 [Worker-97] INFO  o.e.m.c.i.e.AbstractTransferListenerAdapter - Downloading https://repo.maven.apache.org/maven2/org/apache/maven/plugins/maven-ejb-plugin/2.5/maven-ejb-plugin-2.5.pom
2015-10-22 10:58:21,230 [Worker-97] INFO  o.e.m.c.i.e.AbstractTransferListenerAdapter - Downloaded https://repo.maven.apache.org/maven2/org/apache/maven/plugins/maven-ejb-plugin/2.5/maven-ejb-plugin-2.5.pom
2015-10-22 10:58:21,350 [Worker-97] INFO  o.e.m.c.i.e.AbstractTransferListenerAdapter - Downloading https://repo.maven.apache.org/maven2/org/apache/maven/maven-archiver/2.6/maven-archiver-2.6.pom
2015-10-22 10:58:21,387 [Worker-97] INFO  o.e.m.c.i.e.AbstractTransferListenerAdapter - Downloaded https://repo.maven.apache.org/maven2/org/apache/maven/maven-archiver/2.6/maven-archiver-2.6.pom
2015-10-22 10:58:21,511 [Worker-97] INFO  o.e.m.c.i.e.AbstractTransferListenerAdapter - Downloading https://repo.maven.apache.org/maven2/org/codehaus/plexus/plexus-archiver/2.8.1/plexus-archiver-2.8.1.pom
2015-10-22 10:58:21,548 [Worker-97] INFO  o.e.m.c.i.e.AbstractTransferListenerAdapter - Downloaded https://repo.maven.apache.org/maven2/org/codehaus/plexus/plexus-archiver/2.8.1/plexus-archiver-2.8.1.pom
2015-10-22 10:58:21,600 [Worker-97] INFO  o.e.m.c.i.e.AbstractTransferListenerAdapter - Downloading https://repo.maven.apache.org/maven2/org/codehaus/plexus/plexus-utils/3.0.20/plexus-utils-3.0.20.pom
2015-10-22 10:58:21,644 [Worker-97] INFO  o.e.m.c.i.e.AbstractTransferListenerAdapter - Downloaded https://repo.maven.apache.org/maven2/org/codehaus/plexus/plexus-utils/3.0.20/plexus-utils-3.0.20.pom
2015-10-22 10:58:21,686 [Worker-97] INFO  o.e.m.c.i.e.AbstractTransferListenerAdapter - Downloading https://repo.maven.apache.org/maven2/org/codehaus/plexus/plexus-io/2.3.2/plexus-io-2.3.2.pom
2015-10-22 10:58:21,728 [Worker-97] INFO  o.e.m.c.i.e.AbstractTransferListenerAdapter - Downloaded https://repo.maven.apache.org/maven2/org/codehaus/plexus/plexus-io/2.3.2/plexus-io-2.3.2.pom
2015-10-22 10:58:21,783 [Worker-97] INFO  o.e.m.c.i.e.AbstractTransferListenerAdapter - Downloading https://repo.maven.apache.org/maven2/org/apache/commons/commons-compress/1.9/commons-compress-1.9.pom
2015-10-22 10:58:21,820 [Worker-97] INFO  o.e.m.c.i.e.AbstractTransferListenerAdapter - Downloaded https://repo.maven.apache.org/maven2/org/apache/commons/commons-compress/1.9/commons-compress-1.9.pom
2015-10-22 10:58:21,875 [Worker-97] INFO  o.e.m.c.i.e.AbstractTransferListenerAdapter - Downloading https://repo.maven.apache.org/maven2/org/codehaus/plexus/plexus-interpolation/1.21/plexus-interpolation-1.21.pom
2015-10-22 10:58:21,917 [Worker-97] INFO  o.e.m.c.i.e.AbstractTransferListenerAdapter - Downloaded https://repo.maven.apache.org/maven2/org/codehaus/plexus/plexus-interpolation/1.21/plexus-interpolation-1.21.pom
2015-10-22 10:58:21,957 [Worker-97] INFO  o.e.m.c.i.e.AbstractTransferListenerAdapter - Downloading https://repo.maven.apache.org/maven2/org/apache/maven/shared/maven-filtering/1.3/maven-filtering-1.3.pom
2015-10-22 10:58:21,998 [Worker-97] INFO  o.e.m.c.i.e.AbstractTransferListenerAdapter - Downloaded https://repo.maven.apache.org/maven2/org/apache/maven/shared/maven-filtering/1.3/maven-filtering-1.3.pom
2015-10-22 10:58:22,038 [Worker-97] INFO  o.e.m.c.i.e.AbstractTransferListenerAdapter - Downloading https://repo.maven.apache.org/maven2/org/apache/maven/shared/maven-shared-utils/0.6/maven-shared-utils-0.6.pom
2015-10-22 10:58:22,081 [Worker-97] INFO  o.e.m.c.i.e.AbstractTransferListenerAdapter - Downloaded https://repo.maven.apache.org/maven2/org/apache/maven/shared/maven-shared-utils/0.6/maven-shared-utils-0.6.pom
2015-10-22 10:58:22,154 [Worker-97] INFO  o.e.m.c.i.e.AbstractTransferListenerAdapter - Downloading https://repo.maven.apache.org/maven2/org/codehaus/plexus/plexus-archiver/2.9/plexus-archiver-2.9.pom
2015-10-22 10:58:22,189 [Worker-97] INFO  o.e.m.c.i.e.AbstractTransferListenerAdapter - Downloaded https://repo.maven.apache.org/maven2/org/codehaus/plexus/plexus-archiver/2.9/plexus-archiver-2.9.pom
2015-10-22 10:58:22,228 [Worker-97] INFO  o.e.m.c.i.e.AbstractTransferListenerAdapter - Downloading https://repo.maven.apache.org/maven2/org/codehaus/plexus/plexus-io/2.4/plexus-io-2.4.pom
2015-10-22 10:58:22,269 [Worker-97] INFO  o.e.m.c.i.e.AbstractTransferListenerAdapter - Downloaded https://repo.maven.apache.org/maven2/org/codehaus/plexus/plexus-io/2.4/plexus-io-2.4.pom
2015-10-22 10:58:22,405 [Worker-97] INFO  o.e.m.c.i.e.AbstractTransferListenerAdapter - Downloading https://repo.maven.apache.org/maven2/org/apache/maven/maven-archiver/2.6/maven-archiver-2.6.jar
2015-10-22 10:58:22,470 [Worker-97] INFO  o.e.m.c.i.e.AbstractTransferListenerAdapter - Downloaded https://repo.maven.apache.org/maven2/org/apache/maven/maven-archiver/2.6/maven-archiver-2.6.jar
2015-10-22 10:58:22,505 [Worker-97] INFO  o.e.m.c.i.e.AbstractTransferListenerAdapter - Downloading https://repo.maven.apache.org/maven2/org/apache/maven/shared/maven-filtering/1.3/maven-filtering-1.3.jar
2015-10-22 10:58:22,606 [Worker-97] INFO  o.e.m.c.i.e.AbstractTransferListenerAdapter - Downloaded https://repo.maven.apache.org/maven2/org/apache/maven/shared/maven-filtering/1.3/maven-filtering-1.3.jar
2015-10-22 10:58:22,639 [Worker-97] INFO  o.e.m.c.i.e.AbstractTransferListenerAdapter - Downloading https://repo.maven.apache.org/maven2/org/codehaus/plexus/plexus-utils/3.0.20/plexus-utils-3.0.20.jar
2015-10-22 10:58:23,033 [Worker-97] INFO  o.e.m.c.i.e.AbstractTransferListenerAdapter - Downloaded https://repo.maven.apache.org/maven2/org/codehaus/plexus/plexus-utils/3.0.20/plexus-utils-3.0.20.jar
2015-10-22 10:58:23,066 [Worker-97] INFO  o.e.m.c.i.e.AbstractTransferListenerAdapter - Downloading https://repo.maven.apache.org/maven2/org/codehaus/plexus/plexus-archiver/2.9/plexus-archiver-2.9.jar
2015-10-22 10:58:23,295 [Worker-97] INFO  o.e.m.c.i.e.AbstractTransferListenerAdapter - Downloaded https://repo.maven.apache.org/maven2/org/codehaus/plexus/plexus-archiver/2.9/plexus-archiver-2.9.jar
2015-10-22 10:58:23,331 [Worker-97] INFO  o.e.m.c.i.e.AbstractTransferListenerAdapter - Downloading https://repo.maven.apache.org/maven2/org/codehaus/plexus/plexus-io/2.4/plexus-io-2.4.jar
2015-10-22 10:58:23,463 [Worker-97] INFO  o.e.m.c.i.e.AbstractTransferListenerAdapter - Downloaded https://repo.maven.apache.org/maven2/org/codehaus/plexus/plexus-io/2.4/plexus-io-2.4.jar
2015-10-22 10:58:23,501 [Worker-97] INFO  o.e.m.c.i.e.AbstractTransferListenerAdapter - Downloading https://repo.maven.apache.org/maven2/org/apache/commons/commons-compress/1.9/commons-compress-1.9.jar
2015-10-22 10:58:23,986 [Worker-97] INFO  o.e.m.c.i.e.AbstractTransferListenerAdapter - Downloaded https://repo.maven.apache.org/maven2/org/apache/commons/commons-compress/1.9/commons-compress-1.9.jar
2015-10-22 10:58:24,022 [Worker-97] INFO  o.e.m.c.i.e.AbstractTransferListenerAdapter - Downloading https://repo.maven.apache.org/maven2/org/codehaus/plexus/plexus-interpolation/1.21/plexus-interpolation-1.21.jar
2015-10-22 10:58:24,120 [Worker-97] INFO  o.e.m.c.i.e.AbstractTransferListenerAdapter - Downloaded https://repo.maven.apache.org/maven2/org/codehaus/plexus/plexus-interpolation/1.21/plexus-interpolation-1.21.jar
2015-10-22 10:58:25,577 [Worker-50] WARN  o.e.m.c.i.embedder.EclipseLogger - Using platform encoding (Cp1252 actually) to copy filtered resources, i.e. build is platform dependent!
2015-10-22 10:58:25,581 [Worker-50] INFO  o.e.m.c.i.embedder.EclipseLogger - Copying 2 resources
2015-10-22 10:58:25,589 [Worker-50] WARN  o.e.m.c.i.embedder.EclipseLogger - Using platform encoding (Cp1252 actually) to copy filtered resources, i.e. build is platform dependent!
2015-10-22 10:58:25,589 [Worker-50] INFO  o.e.m.c.i.embedder.EclipseLogger - skip non existing resourceDirectory C:\Users\Adrien\workspace\javaEE\EJB\src\test\resources
2015-10-22 10:58:25,763 [Worker-97] INFO  o.e.m.j.i.AbstractJavaProjectConfigurator - Adding source folder /EJB/ejbModule
2015-10-22 10:58:25,763 [Worker-97] INFO  o.e.m.j.i.AbstractJavaProjectConfigurator - Resources folder /EJB/ejbModule overlaps with sources folder /EJB/ejbModule
2015-10-22 10:58:25,770 [Worker-97] INFO  o.e.m.j.i.AbstractJavaProjectConfigurator - Adding source folder /EJB/src/test/java
2015-10-22 10:58:26,006 [Worker-97] INFO  o.e.m.c.i.p.ProjectConfigurationManager - Update started
2015-10-22 10:58:26,364 [Worker-97] INFO  o.e.m.c.i.l.LifecycleMappingFactory - Using org.maven.ide.eclipse.wtp.EjbLifecycleMapping lifecycle mapping for MavenProject: EJB:EJB:0.0.1-SNAPSHOT @ C:\Users\Adrien\workspace\javaEE\EJB\pom.xml.
2015-10-22 10:58:27,131 [Worker-98] WARN  o.e.m.c.i.embedder.EclipseLogger - Using platform encoding (Cp1252 actually) to copy filtered resources, i.e. build is platform dependent!
2015-10-22 10:58:27,138 [Worker-98] INFO  o.e.m.c.i.embedder.EclipseLogger - Copying 2 resources
2015-10-22 10:58:27,152 [Worker-98] WARN  o.e.m.c.i.embedder.EclipseLogger - Using platform encoding (Cp1252 actually) to copy filtered resources, i.e. build is platform dependent!
2015-10-22 10:58:27,154 [Worker-98] INFO  o.e.m.c.i.embedder.EclipseLogger - skip non existing resourceDirectory C:\Users\Adrien\workspace\javaEE\EJB\src\test\resources
2015-10-22 10:58:27,188 [Worker-97] INFO  o.e.m.j.i.AbstractJavaProjectConfigurator - Adding source folder /EJB/ejbModule
2015-10-22 10:58:27,188 [Worker-97] INFO  o.e.m.j.i.AbstractJavaProjectConfigurator - Resources folder /EJB/ejbModule overlaps with sources folder /EJB/ejbModule
2015-10-22 10:58:27,202 [Worker-97] INFO  o.e.m.j.i.AbstractJavaProjectConfigurator - Adding source folder /EJB/src/test/java
2015-10-22 10:58:27,360 [Worker-97] INFO  o.e.m.c.i.p.ProjectConfigurationManager - Update completed: 1 sec
2015-10-22 10:58:27,494 [Worker-96] WARN  o.e.m.c.i.embedder.EclipseLogger - Using platform encoding (Cp1252 actually) to copy filtered resources, i.e. build is platform dependent!
2015-10-22 10:58:27,495 [Worker-96] INFO  o.e.m.c.i.embedder.EclipseLogger - Copying 2 resources
2015-10-22 10:58:27,500 [Worker-96] WARN  o.e.m.c.i.embedder.EclipseLogger - Using platform encoding (Cp1252 actually) to copy filtered resources, i.e. build is platform dependent!
2015-10-22 10:58:27,500 [Worker-96] INFO  o.e.m.c.i.embedder.EclipseLogger - skip non existing resourceDirectory C:\Users\Adrien\workspace\javaEE\EJB\src\test\resources
2015-10-22 10:59:02,074 [Worker-105] INFO  o.e.m.c.i.p.ProjectConfigurationManager - Update started
2015-10-22 10:59:02,373 [Worker-105] INFO  o.e.m.c.i.l.LifecycleMappingFactory - Using org.maven.ide.eclipse.wtp.EjbLifecycleMapping lifecycle mapping for MavenProject: EJB:EJB:0.0.1-SNAPSHOT @ C:\Users\Adrien\workspace\javaEE\EJB\pom.xml.
2015-10-22 10:59:02,868 [Worker-105] INFO  o.e.m.j.i.AbstractJavaProjectConfigurator - Adding source folder /EJB/ejbModule
2015-10-22 10:59:02,868 [Worker-105] INFO  o.e.m.j.i.AbstractJavaProjectConfigurator - Resources folder /EJB/ejbModule overlaps with sources folder /EJB/ejbModule
2015-10-22 10:59:02,868 [Worker-105] INFO  o.e.m.j.i.AbstractJavaProjectConfigurator - Adding source folder /EJB/src/test/java
2015-10-22 10:59:03,085 [Worker-105] INFO  o.e.m.c.i.p.ProjectConfigurationManager - Update completed: 1 sec
2015-10-22 10:59:03,264 [Worker-74] WARN  o.e.m.c.i.embedder.EclipseLogger - Using platform encoding (Cp1252 actually) to copy filtered resources, i.e. build is platform dependent!
2015-10-22 10:59:03,265 [Worker-74] INFO  o.e.m.c.i.embedder.EclipseLogger - Copying 2 resources
2015-10-22 10:59:03,277 [Worker-74] WARN  o.e.m.c.i.embedder.EclipseLogger - Using platform encoding (Cp1252 actually) to copy filtered resources, i.e. build is platform dependent!
2015-10-22 10:59:03,278 [Worker-74] INFO  o.e.m.c.i.embedder.EclipseLogger - skip non existing resourceDirectory C:\Users\Adrien\workspace\javaEE\EJB\src\test\resources
2015-10-22 11:03:52,461 [Worker-96] WARN  o.e.m.c.i.embedder.EclipseLogger - Using platform encoding (Cp1252 actually) to copy filtered resources, i.e. build is platform dependent!
2015-10-22 11:03:52,464 [Worker-96] INFO  o.e.m.c.i.embedder.EclipseLogger - Copying 2 resources
2015-10-22 11:03:52,465 [Worker-96] WARN  o.e.m.c.i.embedder.EclipseLogger - Using platform encoding (Cp1252 actually) to copy filtered resources, i.e. build is platform dependent!
2015-10-22 11:03:52,466 [Worker-96] INFO  o.e.m.c.i.embedder.EclipseLogger - skip non existing resourceDirectory C:\Users\Adrien\workspace\javaEE\EJB\src\test\resources
2015-10-22 11:08:56,822 [Worker-108] INFO  o.e.m.c.i.l.LifecycleMappingFactory - Using org.eclipse.m2e.jdt.JarLifecycleMapping lifecycle mapping for MavenProject: EJB:EJB:0.0.1-SNAPSHOT @ C:\Users\Adrien\workspace\javaEE\EJB\pom.xml.
2015-10-22 11:08:57,015 [Worker-108] WARN  o.e.m.c.i.embedder.EclipseLogger - Using platform encoding (Cp1252 actually) to copy filtered resources, i.e. build is platform dependent!
2015-10-22 11:08:57,017 [Worker-108] INFO  o.e.m.c.i.embedder.EclipseLogger - Copying 0 resource
2015-10-22 11:08:57,018 [Worker-108] WARN  o.e.m.c.i.embedder.EclipseLogger - Using platform encoding (Cp1252 actually) to copy filtered resources, i.e. build is platform dependent!
2015-10-22 11:08:57,019 [Worker-108] INFO  o.e.m.c.i.embedder.EclipseLogger - skip non existing resourceDirectory C:\Users\Adrien\workspace\javaEE\EJB\src\test\resources
2015-10-22 11:09:12,681 [Worker-112] INFO  o.e.m.c.i.l.LifecycleMappingFactory - Using org.eclipse.m2e.jdt.JarLifecycleMapping lifecycle mapping for MavenProject: EJB:EJB:0.0.1-SNAPSHOT @ C:\Users\Adrien\workspace\javaEE\EJB\pom.xml.
2015-10-22 11:09:12,891 [Worker-112] WARN  o.e.m.c.i.embedder.EclipseLogger - Using platform encoding (Cp1252 actually) to copy filtered resources, i.e. build is platform dependent!
2015-10-22 11:09:12,894 [Worker-112] INFO  o.e.m.c.i.embedder.EclipseLogger - Copying 0 resource
2015-10-22 11:09:12,895 [Worker-112] WARN  o.e.m.c.i.embedder.EclipseLogger - Using platform encoding (Cp1252 actually) to copy filtered resources, i.e. build is platform dependent!
2015-10-22 11:09:12,897 [Worker-112] INFO  o.e.m.c.i.embedder.EclipseLogger - skip non existing resourceDirectory C:\Users\Adrien\workspace\javaEE\EJB\src\test\resources
2015-10-22 11:09:31,858 [Worker-109] INFO  o.e.m.c.i.l.LifecycleMappingFactory - Using org.maven.ide.eclipse.wtp.EjbLifecycleMapping lifecycle mapping for MavenProject: EJB:EJB:0.0.1-SNAPSHOT @ C:\Users\Adrien\workspace\javaEE\EJB\pom.xml.
2015-10-22 11:09:32,309 [Worker-109] WARN  o.e.m.c.i.embedder.EclipseLogger - Using platform encoding (Cp1252 actually) to copy filtered resources, i.e. build is platform dependent!
2015-10-22 11:09:32,311 [Worker-109] INFO  o.e.m.c.i.embedder.EclipseLogger - Copying 0 resource
2015-10-22 11:09:32,312 [Worker-109] WARN  o.e.m.c.i.embedder.EclipseLogger - Using platform encoding (Cp1252 actually) to copy filtered resources, i.e. build is platform dependent!
2015-10-22 11:09:32,313 [Worker-109] INFO  o.e.m.c.i.embedder.EclipseLogger - skip non existing resourceDirectory C:\Users\Adrien\workspace\javaEE\EJB\src\test\resources
2015-10-22 11:13:44,534 [Worker-97] WARN  o.e.m.c.i.embedder.EclipseLogger - Using platform encoding (Cp1252 actually) to copy filtered resources, i.e. build is platform dependent!
2015-10-22 11:13:44,536 [Worker-97] INFO  o.e.m.c.i.embedder.EclipseLogger - Copying 2 resources
2015-10-22 11:13:44,541 [Worker-97] WARN  o.e.m.c.i.embedder.EclipseLogger - Using platform encoding (Cp1252 actually) to copy filtered resources, i.e. build is platform dependent!
2015-10-22 11:13:44,542 [Worker-97] INFO  o.e.m.c.i.embedder.EclipseLogger - skip non existing resourceDirectory C:\Users\Adrien\workspace\javaEE\EJB\src\test\resources
2015-10-22 11:13:50,785 [Worker-106] WARN  o.e.m.c.i.embedder.EclipseLogger - Using platform encoding (Cp1252 actually) to copy filtered resources, i.e. build is platform dependent!
2015-10-22 11:13:50,787 [Worker-106] INFO  o.e.m.c.i.embedder.EclipseLogger - Copying 2 resources
2015-10-22 11:13:50,789 [Worker-106] WARN  o.e.m.c.i.embedder.EclipseLogger - Using platform encoding (Cp1252 actually) to copy filtered resources, i.e. build is platform dependent!
2015-10-22 11:13:50,789 [Worker-106] INFO  o.e.m.c.i.embedder.EclipseLogger - skip non existing resourceDirectory C:\Users\Adrien\workspace\javaEE\EJB\src\test\resources
2015-10-22 11:13:58,676 [Worker-97] WARN  o.e.m.c.i.embedder.EclipseLogger - Using platform encoding (Cp1252 actually) to copy filtered resources, i.e. build is platform dependent!
2015-10-22 11:13:58,678 [Worker-97] INFO  o.e.m.c.i.embedder.EclipseLogger - Copying 2 resources
2015-10-22 11:13:58,679 [Worker-97] WARN  o.e.m.c.i.embedder.EclipseLogger - Using platform encoding (Cp1252 actually) to copy filtered resources, i.e. build is platform dependent!
2015-10-22 11:13:58,680 [Worker-97] INFO  o.e.m.c.i.embedder.EclipseLogger - skip non existing resourceDirectory C:\Users\Adrien\workspace\javaEE\EJB\src\test\resources
2015-10-22 11:18:37,026 [Worker-106] WARN  o.e.m.c.i.embedder.EclipseLogger - Using platform encoding (Cp1252 actually) to copy filtered resources, i.e. build is platform dependent!
2015-10-22 11:18:37,027 [Worker-106] INFO  o.e.m.c.i.embedder.EclipseLogger - Copying 2 resources
2015-10-22 11:18:37,029 [Worker-106] WARN  o.e.m.c.i.embedder.EclipseLogger - Using platform encoding (Cp1252 actually) to copy filtered resources, i.e. build is platform dependent!
2015-10-22 11:18:37,029 [Worker-106] INFO  o.e.m.c.i.embedder.EclipseLogger - skip non existing resourceDirectory C:\Users\Adrien\workspace\javaEE\EJB\src\test\resources
2015-10-22 11:46:41,636 [Worker-138] WARN  o.e.m.c.i.embedder.EclipseLogger - Using platform encoding (Cp1252 actually) to copy filtered resources, i.e. build is platform dependent!
2015-10-22 11:46:41,638 [Worker-138] INFO  o.e.m.c.i.embedder.EclipseLogger - Copying 2 resources
2015-10-22 11:46:41,639 [Worker-138] WARN  o.e.m.c.i.embedder.EclipseLogger - Using platform encoding (Cp1252 actually) to copy filtered resources, i.e. build is platform dependent!
2015-10-22 11:46:41,640 [Worker-138] INFO  o.e.m.c.i.embedder.EclipseLogger - skip non existing resourceDirectory C:\Users\Adrien\workspace\javaEE\EJB\src\test\resources
2015-10-22 11:46:47,120 [Worker-132] WARN  o.e.m.c.i.embedder.EclipseLogger - Using platform encoding (Cp1252 actually) to copy filtered resources, i.e. build is platform dependent!
2015-10-22 11:46:47,121 [Worker-132] INFO  o.e.m.c.i.embedder.EclipseLogger - Copying 2 resources
2015-10-22 11:46:47,122 [Worker-132] WARN  o.e.m.c.i.embedder.EclipseLogger - Using platform encoding (Cp1252 actually) to copy filtered resources, i.e. build is platform dependent!
2015-10-22 11:46:47,122 [Worker-132] INFO  o.e.m.c.i.embedder.EclipseLogger - skip non existing resourceDirectory C:\Users\Adrien\workspace\javaEE\EJB\src\test\resources
2015-10-22 11:47:00,064 [Worker-140] WARN  o.e.m.c.i.embedder.EclipseLogger - Using platform encoding (Cp1252 actually) to copy filtered resources, i.e. build is platform dependent!
2015-10-22 11:47:00,065 [Worker-140] INFO  o.e.m.c.i.embedder.EclipseLogger - Copying 2 resources
2015-10-22 11:47:00,066 [Worker-140] WARN  o.e.m.c.i.embedder.EclipseLogger - Using platform encoding (Cp1252 actually) to copy filtered resources, i.e. build is platform dependent!
2015-10-22 11:47:00,067 [Worker-140] INFO  o.e.m.c.i.embedder.EclipseLogger - skip non existing resourceDirectory C:\Users\Adrien\workspace\javaEE\EJB\src\test\resources
2015-10-22 11:47:18,858 [Worker-137] WARN  o.e.m.c.i.embedder.EclipseLogger - Using platform encoding (Cp1252 actually) to copy filtered resources, i.e. build is platform dependent!
2015-10-22 11:47:18,860 [Worker-137] INFO  o.e.m.c.i.embedder.EclipseLogger - Copying 2 resources
2015-10-22 11:47:18,861 [Worker-137] WARN  o.e.m.c.i.embedder.EclipseLogger - Using platform encoding (Cp1252 actually) to copy filtered resources, i.e. build is platform dependent!
2015-10-22 11:47:18,862 [Worker-137] INFO  o.e.m.c.i.embedder.EclipseLogger - skip non existing resourceDirectory C:\Users\Adrien\workspace\javaEE\EJB\src\test\resources
2015-10-22 11:49:56,215 [Worker-120] WARN  o.e.m.c.i.embedder.EclipseLogger - Using platform encoding (Cp1252 actually) to copy filtered resources, i.e. build is platform dependent!
2015-10-22 11:49:56,216 [Worker-120] INFO  o.e.m.c.i.embedder.EclipseLogger - Copying 2 resources
2015-10-22 11:49:56,217 [Worker-120] WARN  o.e.m.c.i.embedder.EclipseLogger - Using platform encoding (Cp1252 actually) to copy filtered resources, i.e. build is platform dependent!
2015-10-22 11:49:56,217 [Worker-120] INFO  o.e.m.c.i.embedder.EclipseLogger - skip non existing resourceDirectory C:\Users\Adrien\workspace\javaEE\EJB\src\test\resources
2015-10-22 11:50:21,468 [Worker-131] WARN  o.e.m.c.i.embedder.EclipseLogger - Using platform encoding (Cp1252 actually) to copy filtered resources, i.e. build is platform dependent!
2015-10-22 11:50:21,470 [Worker-131] INFO  o.e.m.c.i.embedder.EclipseLogger - Copying 2 resources
2015-10-22 11:50:21,471 [Worker-131] WARN  o.e.m.c.i.embedder.EclipseLogger - Using platform encoding (Cp1252 actually) to copy filtered resources, i.e. build is platform dependent!
2015-10-22 11:50:21,472 [Worker-131] INFO  o.e.m.c.i.embedder.EclipseLogger - skip non existing resourceDirectory C:\Users\Adrien\workspace\javaEE\EJB\src\test\resources
2015-10-22 11:50:34,868 [Worker-142] WARN  o.e.m.c.i.embedder.EclipseLogger - Using platform encoding (Cp1252 actually) to copy filtered resources, i.e. build is platform dependent!
2015-10-22 11:50:34,869 [Worker-142] INFO  o.e.m.c.i.embedder.EclipseLogger - Copying 2 resources
2015-10-22 11:50:34,870 [Worker-142] WARN  o.e.m.c.i.embedder.EclipseLogger - Using platform encoding (Cp1252 actually) to copy filtered resources, i.e. build is platform dependent!
2015-10-22 11:50:34,870 [Worker-142] INFO  o.e.m.c.i.embedder.EclipseLogger - skip non existing resourceDirectory C:\Users\Adrien\workspace\javaEE\EJB\src\test\resources
2015-10-22 11:50:42,780 [Worker-123] WARN  o.e.m.c.i.embedder.EclipseLogger - Using platform encoding (Cp1252 actually) to copy filtered resources, i.e. build is platform dependent!
2015-10-22 11:50:42,782 [Worker-123] INFO  o.e.m.c.i.embedder.EclipseLogger - Copying 2 resources
2015-10-22 11:50:42,784 [Worker-123] WARN  o.e.m.c.i.embedder.EclipseLogger - Using platform encoding (Cp1252 actually) to copy filtered resources, i.e. build is platform dependent!
2015-10-22 11:50:42,785 [Worker-123] INFO  o.e.m.c.i.embedder.EclipseLogger - skip non existing resourceDirectory C:\Users\Adrien\workspace\javaEE\EJB\src\test\resources
2015-10-22 11:50:46,289 [Worker-129] WARN  o.e.m.c.i.embedder.EclipseLogger - Using platform encoding (Cp1252 actually) to copy filtered resources, i.e. build is platform dependent!
2015-10-22 11:50:46,290 [Worker-129] INFO  o.e.m.c.i.embedder.EclipseLogger - Copying 2 resources
2015-10-22 11:50:46,291 [Worker-129] WARN  o.e.m.c.i.embedder.EclipseLogger - Using platform encoding (Cp1252 actually) to copy filtered resources, i.e. build is platform dependent!
2015-10-22 11:50:46,291 [Worker-129] INFO  o.e.m.c.i.embedder.EclipseLogger - skip non existing resourceDirectory C:\Users\Adrien\workspace\javaEE\EJB\src\test\resources
2015-10-22 11:51:25,086 [Worker-123] WARN  o.e.m.c.i.embedder.EclipseLogger - Using platform encoding (Cp1252 actually) to copy filtered resources, i.e. build is platform dependent!
2015-10-22 11:51:25,088 [Worker-123] INFO  o.e.m.c.i.embedder.EclipseLogger - Copying 2 resources
2015-10-22 11:51:25,090 [Worker-123] WARN  o.e.m.c.i.embedder.EclipseLogger - Using platform encoding (Cp1252 actually) to copy filtered resources, i.e. build is platform dependent!
2015-10-22 11:51:25,090 [Worker-123] INFO  o.e.m.c.i.embedder.EclipseLogger - skip non existing resourceDirectory C:\Users\Adrien\workspace\javaEE\EJB\src\test\resources
2015-10-22 11:52:01,188 [Worker-141] WARN  o.e.m.c.i.embedder.EclipseLogger - Using platform encoding (Cp1252 actually) to copy filtered resources, i.e. build is platform dependent!
2015-10-22 11:52:01,189 [Worker-141] INFO  o.e.m.c.i.embedder.EclipseLogger - Copying 2 resources
2015-10-22 11:52:01,190 [Worker-141] WARN  o.e.m.c.i.embedder.EclipseLogger - Using platform encoding (Cp1252 actually) to copy filtered resources, i.e. build is platform dependent!
2015-10-22 11:52:01,191 [Worker-141] INFO  o.e.m.c.i.embedder.EclipseLogger - skip non existing resourceDirectory C:\Users\Adrien\workspace\javaEE\EJB\src\test\resources
2015-10-22 11:52:07,274 [Worker-129] WARN  o.e.m.c.i.embedder.EclipseLogger - Using platform encoding (Cp1252 actually) to copy filtered resources, i.e. build is platform dependent!
2015-10-22 11:52:07,275 [Worker-129] INFO  o.e.m.c.i.embedder.EclipseLogger - Copying 2 resources
2015-10-22 11:52:07,277 [Worker-129] WARN  o.e.m.c.i.embedder.EclipseLogger - Using platform encoding (Cp1252 actually) to copy filtered resources, i.e. build is platform dependent!
2015-10-22 11:52:07,277 [Worker-129] INFO  o.e.m.c.i.embedder.EclipseLogger - skip non existing resourceDirectory C:\Users\Adrien\workspace\javaEE\EJB\src\test\resources
2015-10-22 11:55:15,487 [Worker-140] WARN  o.e.m.c.i.embedder.EclipseLogger - Using platform encoding (Cp1252 actually) to copy filtered resources, i.e. build is platform dependent!
2015-10-22 11:55:15,488 [Worker-140] INFO  o.e.m.c.i.embedder.EclipseLogger - Copying 2 resources
2015-10-22 11:55:15,489 [Worker-140] WARN  o.e.m.c.i.embedder.EclipseLogger - Using platform encoding (Cp1252 actually) to copy filtered resources, i.e. build is platform dependent!
2015-10-22 11:55:15,489 [Worker-140] INFO  o.e.m.c.i.embedder.EclipseLogger - skip non existing resourceDirectory C:\Users\Adrien\workspace\javaEE\EJB\src\test\resources
2015-10-22 11:56:50,004 [Worker-129] WARN  o.e.m.c.i.embedder.EclipseLogger - Using platform encoding (Cp1252 actually) to copy filtered resources, i.e. build is platform dependent!
2015-10-22 11:56:50,005 [Worker-129] INFO  o.e.m.c.i.embedder.EclipseLogger - Copying 2 resources
2015-10-22 11:56:50,006 [Worker-129] WARN  o.e.m.c.i.embedder.EclipseLogger - Using platform encoding (Cp1252 actually) to copy filtered resources, i.e. build is platform dependent!
2015-10-22 11:56:50,006 [Worker-129] INFO  o.e.m.c.i.embedder.EclipseLogger - skip non existing resourceDirectory C:\Users\Adrien\workspace\javaEE\EJB\src\test\resources
2015-10-22 11:57:30,424 [Worker-142] WARN  o.e.m.c.i.embedder.EclipseLogger - Using platform encoding (Cp1252 actually) to copy filtered resources, i.e. build is platform dependent!
2015-10-22 11:57:30,425 [Worker-142] INFO  o.e.m.c.i.embedder.EclipseLogger - Copying 0 resource
2015-10-22 11:57:30,427 [Worker-142] WARN  o.e.m.c.i.embedder.EclipseLogger - Using platform encoding (Cp1252 actually) to copy filtered resources, i.e. build is platform dependent!
2015-10-22 11:57:30,428 [Worker-142] INFO  o.e.m.c.i.embedder.EclipseLogger - skip non existing resourceDirectory C:\Users\Adrien\workspace\javaEE\EJB\src\test\resources
2015-10-22 12:16:23,172 [Worker-149] WARN  o.e.m.c.i.embedder.EclipseLogger - Using platform encoding (Cp1252 actually) to copy filtered resources, i.e. build is platform dependent!
2015-10-22 12:16:23,173 [Worker-149] INFO  o.e.m.c.i.embedder.EclipseLogger - Copying 1 resource
2015-10-22 12:16:23,178 [Worker-149] WARN  o.e.m.c.i.embedder.EclipseLogger - Using platform encoding (Cp1252 actually) to copy filtered resources, i.e. build is platform dependent!
2015-10-22 12:16:23,179 [Worker-149] INFO  o.e.m.c.i.embedder.EclipseLogger - skip non existing resourceDirectory C:\Users\Adrien\workspace\javaEE\EJB\src\test\resources
2015-10-22 12:16:59,540 [Worker-149] WARN  o.e.m.c.i.embedder.EclipseLogger - Using platform encoding (Cp1252 actually) to copy filtered resources, i.e. build is platform dependent!
2015-10-22 12:16:59,542 [Worker-149] INFO  o.e.m.c.i.embedder.EclipseLogger - Copying 1 resource
2015-10-22 12:16:59,543 [Worker-149] WARN  o.e.m.c.i.embedder.EclipseLogger - Using platform encoding (Cp1252 actually) to copy filtered resources, i.e. build is platform dependent!
2015-10-22 12:16:59,543 [Worker-149] INFO  o.e.m.c.i.embedder.EclipseLogger - skip non existing resourceDirectory C:\Users\Adrien\workspace\javaEE\EJB\src\test\resources
2015-10-22 12:17:06,049 [Worker-146] WARN  o.e.m.c.i.embedder.EclipseLogger - Using platform encoding (Cp1252 actually) to copy filtered resources, i.e. build is platform dependent!
2015-10-22 12:17:06,050 [Worker-146] INFO  o.e.m.c.i.embedder.EclipseLogger - Copying 1 resource
2015-10-22 12:17:06,051 [Worker-146] WARN  o.e.m.c.i.embedder.EclipseLogger - Using platform encoding (Cp1252 actually) to copy filtered resources, i.e. build is platform dependent!
2015-10-22 12:17:06,052 [Worker-146] INFO  o.e.m.c.i.embedder.EclipseLogger - skip non existing resourceDirectory C:\Users\Adrien\workspace\javaEE\EJB\src\test\resources
2015-10-22 12:17:49,595 [Worker-123] WARN  o.e.m.c.i.embedder.EclipseLogger - Using platform encoding (Cp1252 actually) to copy filtered resources, i.e. build is platform dependent!
2015-10-22 12:17:49,596 [Worker-123] INFO  o.e.m.c.i.embedder.EclipseLogger - Copying 1 resource
2015-10-22 12:17:49,597 [Worker-123] WARN  o.e.m.c.i.embedder.EclipseLogger - Using platform encoding (Cp1252 actually) to copy filtered resources, i.e. build is platform dependent!
2015-10-22 12:17:49,598 [Worker-123] INFO  o.e.m.c.i.embedder.EclipseLogger - skip non existing resourceDirectory C:\Users\Adrien\workspace\javaEE\EJB\src\test\resources
2015-10-22 12:17:53,866 [Worker-153] WARN  o.e.m.c.i.embedder.EclipseLogger - Using platform encoding (Cp1252 actually) to copy filtered resources, i.e. build is platform dependent!
2015-10-22 12:17:53,867 [Worker-153] INFO  o.e.m.c.i.embedder.EclipseLogger - Copying 1 resource
2015-10-22 12:17:53,868 [Worker-153] WARN  o.e.m.c.i.embedder.EclipseLogger - Using platform encoding (Cp1252 actually) to copy filtered resources, i.e. build is platform dependent!
2015-10-22 12:17:53,869 [Worker-153] INFO  o.e.m.c.i.embedder.EclipseLogger - skip non existing resourceDirectory C:\Users\Adrien\workspace\javaEE\EJB\src\test\resources
2015-10-22 12:18:06,327 [Worker-155] WARN  o.e.m.c.i.embedder.EclipseLogger - Using platform encoding (Cp1252 actually) to copy filtered resources, i.e. build is platform dependent!
2015-10-22 12:18:06,327 [Worker-155] INFO  o.e.m.c.i.embedder.EclipseLogger - Copying 1 resource
2015-10-22 12:18:06,327 [Worker-155] WARN  o.e.m.c.i.embedder.EclipseLogger - Using platform encoding (Cp1252 actually) to copy filtered resources, i.e. build is platform dependent!
2015-10-22 12:18:06,328 [Worker-155] INFO  o.e.m.c.i.embedder.EclipseLogger - skip non existing resourceDirectory C:\Users\Adrien\workspace\javaEE\EJB\src\test\resources
2015-10-22 12:18:13,015 [Worker-157] WARN  o.e.m.c.i.embedder.EclipseLogger - Using platform encoding (Cp1252 actually) to copy filtered resources, i.e. build is platform dependent!
2015-10-22 12:18:13,017 [Worker-157] INFO  o.e.m.c.i.embedder.EclipseLogger - Copying 1 resource
2015-10-22 12:18:13,018 [Worker-157] WARN  o.e.m.c.i.embedder.EclipseLogger - Using platform encoding (Cp1252 actually) to copy filtered resources, i.e. build is platform dependent!
2015-10-22 12:18:13,018 [Worker-157] INFO  o.e.m.c.i.embedder.EclipseLogger - skip non existing resourceDirectory C:\Users\Adrien\workspace\javaEE\EJB\src\test\resources
2015-10-22 12:20:44,411 [Worker-149] WARN  o.e.m.c.i.embedder.EclipseLogger - Using platform encoding (Cp1252 actually) to copy filtered resources, i.e. build is platform dependent!
2015-10-22 12:20:44,412 [Worker-149] INFO  o.e.m.c.i.embedder.EclipseLogger - Copying 1 resource
2015-10-22 12:20:44,413 [Worker-149] WARN  o.e.m.c.i.embedder.EclipseLogger - Using platform encoding (Cp1252 actually) to copy filtered resources, i.e. build is platform dependent!
2015-10-22 12:20:44,413 [Worker-149] INFO  o.e.m.c.i.embedder.EclipseLogger - skip non existing resourceDirectory C:\Users\Adrien\workspace\javaEE\EJB\src\test\resources
2015-10-22 12:21:12,474 [Worker-152] WARN  o.e.m.c.i.embedder.EclipseLogger - Using platform encoding (Cp1252 actually) to copy filtered resources, i.e. build is platform dependent!
2015-10-22 12:21:12,476 [Worker-152] INFO  o.e.m.c.i.embedder.EclipseLogger - Copying 1 resource
2015-10-22 12:21:12,477 [Worker-152] WARN  o.e.m.c.i.embedder.EclipseLogger - Using platform encoding (Cp1252 actually) to copy filtered resources, i.e. build is platform dependent!
2015-10-22 12:21:12,478 [Worker-152] INFO  o.e.m.c.i.embedder.EclipseLogger - skip non existing resourceDirectory C:\Users\Adrien\workspace\javaEE\EJB\src\test\resources
2015-10-22 12:21:26,125 [Worker-157] WARN  o.e.m.c.i.embedder.EclipseLogger - Using platform encoding (Cp1252 actually) to copy filtered resources, i.e. build is platform dependent!
2015-10-22 12:21:26,127 [Worker-157] INFO  o.e.m.c.i.embedder.EclipseLogger - Copying 1 resource
2015-10-22 12:21:26,128 [Worker-157] WARN  o.e.m.c.i.embedder.EclipseLogger - Using platform encoding (Cp1252 actually) to copy filtered resources, i.e. build is platform dependent!
2015-10-22 12:21:26,128 [Worker-157] INFO  o.e.m.c.i.embedder.EclipseLogger - skip non existing resourceDirectory C:\Users\Adrien\workspace\javaEE\EJB\src\test\resources
2015-10-22 12:21:57,972 [Worker-159] WARN  o.e.m.c.i.embedder.EclipseLogger - Using platform encoding (Cp1252 actually) to copy filtered resources, i.e. build is platform dependent!
2015-10-22 12:21:57,973 [Worker-159] INFO  o.e.m.c.i.embedder.EclipseLogger - Copying 1 resource
2015-10-22 12:21:57,974 [Worker-159] WARN  o.e.m.c.i.embedder.EclipseLogger - Using platform encoding (Cp1252 actually) to copy filtered resources, i.e. build is platform dependent!
2015-10-22 12:21:57,975 [Worker-159] INFO  o.e.m.c.i.embedder.EclipseLogger - skip non existing resourceDirectory C:\Users\Adrien\workspace\javaEE\EJB\src\test\resources
2015-10-22 12:23:40,954 [Worker-123] WARN  o.e.m.c.i.embedder.EclipseLogger - Using platform encoding (Cp1252 actually) to copy filtered resources, i.e. build is platform dependent!
2015-10-22 12:23:40,955 [Worker-123] INFO  o.e.m.c.i.embedder.EclipseLogger - Copying 1 resource
2015-10-22 12:23:40,957 [Worker-123] WARN  o.e.m.c.i.embedder.EclipseLogger - Using platform encoding (Cp1252 actually) to copy filtered resources, i.e. build is platform dependent!
2015-10-22 12:23:40,957 [Worker-123] INFO  o.e.m.c.i.embedder.EclipseLogger - skip non existing resourceDirectory C:\Users\Adrien\workspace\javaEE\EJB\src\test\resources
2015-10-22 12:24:46,637 [Worker-161] WARN  o.e.m.c.i.embedder.EclipseLogger - Using platform encoding (Cp1252 actually) to copy filtered resources, i.e. build is platform dependent!
2015-10-22 12:24:46,638 [Worker-161] INFO  o.e.m.c.i.embedder.EclipseLogger - Copying 1 resource
2015-10-22 12:24:46,639 [Worker-161] WARN  o.e.m.c.i.embedder.EclipseLogger - Using platform encoding (Cp1252 actually) to copy filtered resources, i.e. build is platform dependent!
2015-10-22 12:24:46,640 [Worker-161] INFO  o.e.m.c.i.embedder.EclipseLogger - skip non existing resourceDirectory C:\Users\Adrien\workspace\javaEE\EJB\src\test\resources
2015-10-22 12:24:55,708 [Worker-153] WARN  o.e.m.c.i.embedder.EclipseLogger - Using platform encoding (Cp1252 actually) to copy filtered resources, i.e. build is platform dependent!
2015-10-22 12:24:55,709 [Worker-153] INFO  o.e.m.c.i.embedder.EclipseLogger - Copying 1 resource
2015-10-22 12:24:55,710 [Worker-153] WARN  o.e.m.c.i.embedder.EclipseLogger - Using platform encoding (Cp1252 actually) to copy filtered resources, i.e. build is platform dependent!
2015-10-22 12:24:55,710 [Worker-153] INFO  o.e.m.c.i.embedder.EclipseLogger - skip non existing resourceDirectory C:\Users\Adrien\workspace\javaEE\EJB\src\test\resources
